--------------------- Input Variables ---------------------
  
number of atoms:    20
structure:         linear
bond dimerization: T
atom dimerization: F
number of atom in the unit cell:      1
number of electron in the unit cell:  1
alpha:           0.000
beta (+ and -): -1.000 -0.800
number of eigenvector to print:    4
index of eigenvector to print:  1  2  3  4
  
  
---------------------- Hückel Matrix ----------------------
  
      1     2     3     4     5     6     7     8     9    10    11    12    13    14    15    16    17    18    19    20
  1  0.00 -1.00  0.00  0.00  0.00  0.00  0.00  0.00  0.00  0.00  0.00  0.00  0.00  0.00  0.00  0.00  0.00  0.00  0.00  0.00
  2 -1.00  0.00 -0.80  0.00  0.00  0.00  0.00  0.00  0.00  0.00  0.00  0.00  0.00  0.00  0.00  0.00  0.00  0.00  0.00  0.00
  3  0.00 -0.80  0.00 -1.00  0.00  0.00  0.00  0.00  0.00  0.00  0.00  0.00  0.00  0.00  0.00  0.00  0.00  0.00  0.00  0.00
  4  0.00  0.00 -1.00  0.00 -0.80  0.00  0.00  0.00  0.00  0.00  0.00  0.00  0.00  0.00  0.00  0.00  0.00  0.00  0.00  0.00
  5  0.00  0.00  0.00 -0.80  0.00 -1.00  0.00  0.00  0.00  0.00  0.00  0.00  0.00  0.00  0.00  0.00  0.00  0.00  0.00  0.00
  6  0.00  0.00  0.00  0.00 -1.00  0.00 -0.80  0.00  0.00  0.00  0.00  0.00  0.00  0.00  0.00  0.00  0.00  0.00  0.00  0.00
  7  0.00  0.00  0.00  0.00  0.00 -0.80  0.00 -1.00  0.00  0.00  0.00  0.00  0.00  0.00  0.00  0.00  0.00  0.00  0.00  0.00
  8  0.00  0.00  0.00  0.00  0.00  0.00 -1.00  0.00 -0.80  0.00  0.00  0.00  0.00  0.00  0.00  0.00  0.00  0.00  0.00  0.00
  9  0.00  0.00  0.00  0.00  0.00  0.00  0.00 -0.80  0.00 -1.00  0.00  0.00  0.00  0.00  0.00  0.00  0.00  0.00  0.00  0.00
 10  0.00  0.00  0.00  0.00  0.00  0.00  0.00  0.00 -1.00  0.00 -0.80  0.00  0.00  0.00  0.00  0.00  0.00  0.00  0.00  0.00
 11  0.00  0.00  0.00  0.00  0.00  0.00  0.00  0.00  0.00 -0.80  0.00 -1.00  0.00  0.00  0.00  0.00  0.00  0.00  0.00  0.00
 12  0.00  0.00  0.00  0.00  0.00  0.00  0.00  0.00  0.00  0.00 -1.00  0.00 -0.80  0.00  0.00  0.00  0.00  0.00  0.00  0.00
 13  0.00  0.00  0.00  0.00  0.00  0.00  0.00  0.00  0.00  0.00  0.00 -0.80  0.00 -1.00  0.00  0.00  0.00  0.00  0.00  0.00
 14  0.00  0.00  0.00  0.00  0.00  0.00  0.00  0.00  0.00  0.00  0.00  0.00 -1.00  0.00 -0.80  0.00  0.00  0.00  0.00  0.00
 15  0.00  0.00  0.00  0.00  0.00  0.00  0.00  0.00  0.00  0.00  0.00  0.00  0.00 -0.80  0.00 -1.00  0.00  0.00  0.00  0.00
 16  0.00  0.00  0.00  0.00  0.00  0.00  0.00  0.00  0.00  0.00  0.00  0.00  0.00  0.00 -1.00  0.00 -0.80  0.00  0.00  0.00
 17  0.00  0.00  0.00  0.00  0.00  0.00  0.00  0.00  0.00  0.00  0.00  0.00  0.00  0.00  0.00 -0.80  0.00 -1.00  0.00  0.00
 18  0.00  0.00  0.00  0.00  0.00  0.00  0.00  0.00  0.00  0.00  0.00  0.00  0.00  0.00  0.00  0.00 -1.00  0.00 -0.80  0.00
 19  0.00  0.00  0.00  0.00  0.00  0.00  0.00  0.00  0.00  0.00  0.00  0.00  0.00  0.00  0.00  0.00  0.00 -0.80  0.00 -1.00
 20  0.00  0.00  0.00  0.00  0.00  0.00  0.00  0.00  0.00  0.00  0.00  0.00  0.00  0.00  0.00  0.00  0.00  0.00 -1.00  0.00
  
----------------------- Eigenvalues -----------------------
  
  1    0.000000   -1.780355
  2    0.052632   -1.721888
  3    0.105263   -1.626007
  4    0.157895   -1.495050
  5    0.210526   -1.332300
  6    0.263158   -1.142057
  7    0.315789   -0.929903
  8    0.368421   -0.703635
  9    0.421053   -0.476767
 10    0.473684   -0.282702
 11    0.526316    0.282702
 12    0.578947    0.476767
 13    0.631579    0.703635
 14    0.684211    0.929903
 15    0.736842    1.142057
 16    0.789474    1.332300
 17    0.842105    1.495050
 18    0.894737    1.626007
 19    0.947368    1.721888
 20    1.000000    1.780355
  
------------------------ Energies -------------------------
  
HOMO:      -0.282702
LUMO:       0.282702
band gap:   0.565405
  
  
---------------------- Eigenvectors -----------------------
  
       norm        1         2         3         4
  1  0.000000  0.050693 -0.100191  0.147310  0.190876
  2  0.052632  0.090252 -0.172518  0.239527  0.285369
  3  0.105263  0.137484 -0.246082  0.302703  0.294706
  4  0.157895  0.172569 -0.285712  0.300576  0.212305
  5  0.210526  0.212187 -0.307351  0.232544  0.028376
  6  0.263158  0.239713 -0.300655  0.137658 -0.127421
  7  0.315789  0.268234 -0.262930 -0.010890 -0.273595
  8  0.368421  0.285781 -0.212211 -0.127833 -0.307102
  9  0.421053  0.300697 -0.128093 -0.246209 -0.231922
 10  0.473684  0.306723 -0.050792 -0.298072 -0.101053
 11  0.526316  0.306723  0.050792 -0.298072  0.101053
 12  0.578947  0.300697  0.128093 -0.246209  0.231922
 13  0.631579  0.285781  0.212211 -0.127833  0.307102
 14  0.684211  0.268234  0.262930 -0.010890  0.273595
 15  0.736842  0.239713  0.300655  0.137658  0.127421
 16  0.789474  0.212187  0.307351  0.232544 -0.028376
 17  0.842105  0.172569  0.285712  0.300576 -0.212305
 18  0.894737  0.137484  0.246082  0.302703 -0.294706
 19  0.947368  0.090252  0.172518  0.239527 -0.285369
 20  1.000000  0.050693  0.100191  0.147310 -0.190876
